<?xml version="1.0" encoding="UTF-8" ?>
<testsuite tests="56" failures="0" name="CucumberOptions.TestRunner" time="0.064" errors="0" skipped="0">
  <properties>
[...]
</properties>
  <testcase classname="Scenario: Home page default login" name="Given validate the browser" time="0.002"/>
  <testcase classname="Scenario: Home page default login" name="When Browser is triggered" time="0.001"/>
  <testcase classname="Scenario: Home page default login" name="Then check if browser is started" time="0"/>
  <testcase classname="Scenario: Home page default login" name="Given User is on NetBanking landing page" time="0"/>
  <testcase classname="Scenario: Home page default login" name="When User loginto application with &quot;jin&quot; and &quot;1234&quot;" time="0"/>
  <testcase classname="Scenario: Home page default login" name="Then Home page is populated" time="0"/>
  <testcase classname="Scenario: Home page default login" name="And Cards are displayed are &quot;true&quot;" time="0"/>
  <testcase classname="Scenario: Home page default login" name="Scenario: Home page default login" time="0"/>
  <testcase classname="Scenario: Home page default login" name="Given validate the browser" time="0"/>
  <testcase classname="Scenario: Home page default login" name="When Browser is triggered" time="0"/>
  <testcase classname="Scenario: Home page default login" name="Then check if browser is started" time="0"/>
  <testcase classname="Scenario: Home page default login" name="Given User is on NetBanking landing page" time="0.004"/>
  <testcase classname="Scenario: Home page default login" name="When User loginto application with &quot;john&quot; and &quot;4321&quot;" time="0.004"/>
  <testcase classname="Scenario: Home page default login" name="Then Home page is populated" time="0"/>
  <testcase classname="Scenario: Home page default login" name="And Cards are displayed are &quot;false&quot;" time="0"/>
  <testcase classname="Scenario: Home page default login" name="Scenario: Home page default login" time="0.006"/>
  <testcase classname="Scenario: Home page default login" name="Given validate the browser" time="0"/>
  <testcase classname="Scenario: Home page default login" name="When Browser is triggered" time="0"/>
  <testcase classname="Scenario: Home page default login" name="Then check if browser is started" time="0"/>
  <testcase classname="Scenario: Home page default login" name="Given User is on NetBanking landing page" time="0"/>
  <testcase classname="Scenario: Home page default login" name="When User signup with following details" time="0"/>
  <testcase classname="Scenario: Home page default login" name="Then Home page is populated" time="0.003"/>
  <testcase classname="Scenario: Home page default login" name="And Cards are displayed are &quot;false&quot;" time="0.001"/>
  <testcase classname="Scenario: Home page default login" name="Scenario: Home page default login" time="0.003"/>
  <testcase classname="| user1 | pass1 |" name="Given validate the browser" time="0.001"/>
  <testcase classname="| user1 | pass1 |" name="When Browser is triggered" time="0"/>
  <testcase classname="| user1 | pass1 |" name="Then check if browser is started" time="0"/>
  <testcase classname="| user1 | pass1 |" name="Given User is on NetBanking landing page" time="0"/>
  <testcase classname="| user1 | pass1 |" name="When User login to application with user1 and pass1" time="0.001"/>
  <testcase classname="| user1 | pass1 |" name="Then Home page is populated" time="0.001"/>
  <testcase classname="| user1 | pass1 |" name="And Cards are displayed are &quot;true&quot;" time="0.001"/>
  <testcase classname="| user1 | pass1 |" name="| user1 | pass1 |" time="0.004"/>
  <testcase classname="| user2 | pass2 |" name="Given validate the browser" time="0.001"/>
  <testcase classname="| user2 | pass2 |" name="When Browser is triggered" time="0"/>
  <testcase classname="| user2 | pass2 |" name="Then check if browser is started" time="0.001"/>
  <testcase classname="| user2 | pass2 |" name="Given User is on NetBanking landing page" time="0"/>
  <testcase classname="| user2 | pass2 |" name="When User login to application with user2 and pass2" time="0"/>
  <testcase classname="| user2 | pass2 |" name="Then Home page is populated" time="0.005"/>
  <testcase classname="| user2 | pass2 |" name="And Cards are displayed are &quot;true&quot;" time="0.001"/>
  <testcase classname="| user2 | pass2 |" name="| user2 | pass2 |" time="0.016"/>
  <testcase classname="| user3 | pass3 |" name="Given validate the browser" time="0"/>
  <testcase classname="| user3 | pass3 |" name="When Browser is triggered" time="0"/>
  <testcase classname="| user3 | pass3 |" name="Then check if browser is started" time="0.001"/>
  <testcase classname="| user3 | pass3 |" name="Given User is on NetBanking landing page" time="0"/>
  <testcase classname="| user3 | pass3 |" name="When User login to application with user3 and pass3" time="0"/>
  <testcase classname="| user3 | pass3 |" name="Then Home page is populated" time="0"/>
  <testcase classname="| user3 | pass3 |" name="And Cards are displayed are &quot;true&quot;" time="0"/>
  <testcase classname="| user3 | pass3 |" name="| user3 | pass3 |" time="0.001"/>
  <testcase classname="| user4 | pass4 |" name="Given validate the browser" time="0"/>
  <testcase classname="| user4 | pass4 |" name="When Browser is triggered" time="0"/>
  <testcase classname="| user4 | pass4 |" name="Then check if browser is started" time="0"/>
  <testcase classname="| user4 | pass4 |" name="Given User is on NetBanking landing page" time="0"/>
  <testcase classname="| user4 | pass4 |" name="When User login to application with user4 and pass4" time="0.001"/>
  <testcase classname="| user4 | pass4 |" name="Then Home page is populated" time="0"/>
  <testcase classname="| user4 | pass4 |" name="And Cards are displayed are &quot;true&quot;" time="0"/>
  <testcase classname="| user4 | pass4 |" name="| user4 | pass4 |" time="0.005"/>
</testsuite>